<?xml version="1.0" encoding="UTF-8"?>
<testng-results ignored="0" total="1" passed="1" failed="0" skipped="0">
  <reporter-output>
  </reporter-output>
  <suite started-at="2022-10-13T01:47:32 IST" name="Default suite" finished-at="2022-10-13T01:47:43 IST" duration-ms="11495">
    <groups>
    </groups>
    <test started-at="2022-10-13T01:47:32 IST" name="Default test" finished-at="2022-10-13T01:47:43 IST" duration-ms="11495">
      <class name="naloor.testcase1">
        <test-method is-config="true" signature="openApp()[pri:0, instance:naloor.testcase1@57c758ac]" started-at="2022-10-13T01:47:32 IST" name="openApp" finished-at="2022-10-13T01:47:39 IST" duration-ms="7712" status="PASS">
          <reporter-output>
          </reporter-output>
        </test-method> <!-- openApp -->
        <test-method signature="tc1()[pri:0, instance:naloor.testcase1@57c758ac]" started-at="2022-10-13T01:47:39 IST" name="tc1" finished-at="2022-10-13T01:47:43 IST" duration-ms="3400" status="PASS">
          <reporter-output>
          </reporter-output>
        </test-method> <!-- tc1 -->
        <test-method is-config="true" signature="clossapp(org.testng.ITestResult)[pri:0, instance:naloor.testcase1@57c758ac]" started-at="2022-10-13T01:47:43 IST" name="clossapp" finished-at="2022-10-13T01:47:43 IST" duration-ms="333" status="PASS">
          <params>
            <param index="0">
              <value>
                <![CDATA[[TestResult name=tc1 status=SUCCESS method=testcase1.tc1()[pri:0, instance:naloor.testcase1@57c758ac] output={null}]]]>
              </value>
            </param>
          </params>
          <reporter-output>
          </reporter-output>
        </test-method> <!-- clossapp -->
      </class> <!-- naloor.testcase1 -->
    </test> <!-- Default test -->
  </suite> <!-- Default suite -->
</testng-results>
